| INFO   2022-03-01 12:59:43,526| MissionHandler| Run executed
| INFO   2022-03-01 12:59:43,527| MissionHandler| AAAA
| INFO   2022-03-01 12:59:43,528| MissionHandler| Starting mission handler
| INFO   2022-03-01 12:59:43,528| MissionHandler| Creating control primitives
| ERROR  2022-03-01 12:59:43,534| MissionHandler| EXCEPTION IN (/mnt/c/Users/jorge/Desktop/Workspace/AirSim/mavsdk/missionsHandler.py
LINE NUMBER: 64
LINE: barrierArm       = threading.Barrier(len(self.arrUAVs)) # Barrier where all thread will wait to continue sincronized
ERROR: object of type 'int' has no len()
| INFO   2022-03-01 13:00:23,751| MissionHandler| Run executed
| INFO   2022-03-01 13:00:23,758| MissionHandler| AAAA
| INFO   2022-03-01 13:00:23,759| MissionHandler| Starting mission handler
| INFO   2022-03-01 13:00:23,759| MissionHandler| Creating control primitives
| ERROR  2022-03-01 13:00:23,763| MissionHandler| EXCEPTION IN (/mnt/c/Users/jorge/Desktop/Workspace/AirSim/mavsdk/missionsHandler.py
LINE NUMBER: 64
LINE: barrierArm       = threading.Barrier(len(self.arrUAVs)) # Barrier where all thread will wait to continue sincronized
ERROR: object of type 'int' has no len()
| INFO   2022-03-01 13:02:54,368| MissionHandler| Run executed
| INFO   2022-03-01 13:02:54,369| MissionHandler| AAAA
| INFO   2022-03-01 13:02:54,370| MissionHandler| Starting mission handler
| INFO   2022-03-01 13:02:54,370| MissionHandler| Creating control primitives
| ERROR  2022-03-01 13:02:54,374| MissionHandler| EXCEPTION IN (/mnt/c/Users/jorge/Desktop/Workspace/AirSim/mavsdk/missionsHandler.py
LINE NUMBER: 64
LINE: barrierArm       = threading.Barrier(len(self.arrUAVs)) # Barrier where all thread will wait to continue sincronized
ERROR: object of type 'int' has no len()
| INFO   2022-03-01 13:06:32,885| MissionHandler| Run executed
| INFO   2022-03-01 13:06:32,886| MissionHandler| AAAA
| INFO   2022-03-01 13:06:32,886| MissionHandler| Starting mission handler
| INFO   2022-03-01 13:06:32,887| MissionHandler| Creating control primitives
| ERROR  2022-03-01 13:06:32,891| MissionHandler| EXCEPTION IN (/mnt/c/Users/jorge/Desktop/Workspace/AirSim/mavsdk/missionsHandler.py
LINE NUMBER: 64
LINE: barrierArm       = threading.Barrier(len(self.arrUAVs)) # Barrier where all thread will wait to continue sincronized
ERROR: object of type 'int' has no len()
| INFO   2022-03-01 13:08:27,961| MissionHandler| Run executed
| INFO   2022-03-01 13:08:27,962| MissionHandler| AAAA
| INFO   2022-03-01 13:08:27,962| MissionHandler| Starting mission handler
| INFO   2022-03-01 13:08:27,963| MissionHandler| Creating control primitives
| INFO   2022-03-01 13:08:27,963| MissionHandler| Creating each drone mission
| ERROR  2022-03-01 13:08:27,967| MissionHandler| EXCEPTION IN (/mnt/c/Users/jorge/Desktop/Workspace/AirSim/mavsdk/missionsHandler.py
LINE NUMBER: 73
LINE: if drone['General']['missionDrone'] == "Eight figure":
ERROR: string indices must be integers
| INFO   2022-03-01 13:11:20,834| MissionHandler| Run executed
| INFO   2022-03-01 13:11:20,835| MissionHandler| AAAA
| INFO   2022-03-01 13:11:20,836| MissionHandler| Starting mission handler
| INFO   2022-03-01 13:11:20,836| MissionHandler| Creating control primitives
| INFO   2022-03-01 13:11:20,836| MissionHandler| Creating each drone mission
| ERROR  2022-03-01 13:11:20,840| MissionHandler| EXCEPTION IN (/mnt/c/Users/jorge/Desktop/Workspace/AirSim/mavsdk/missionsHandler.py
LINE NUMBER: 73
LINE: if drone['General']['missionDrone'] == "Eight figure":
ERROR: string indices must be integers
| INFO   2022-03-01 13:16:18,193| MissionHandler| Run executed
| INFO   2022-03-01 13:16:18,194| MissionHandler| AAAA
| INFO   2022-03-01 13:16:18,195| MissionHandler| Starting mission handler
| INFO   2022-03-01 13:16:18,195| MissionHandler| Creating control primitives
| INFO   2022-03-01 13:16:18,195| MissionHandler| Creating each drone mission
| ERROR  2022-03-01 13:16:18,200| MissionHandler| EXCEPTION IN (/mnt/c/Users/jorge/Desktop/Workspace/AirSim/mavsdk/missionsHandler.py
LINE NUMBER: 90
LINE: mission = droneEightFigure(drone_id=i+1, droneName="Drone1", camerasName=["front"], FLIGHT_ALTITUDE=5, RATE=1, RADIUS=2, CYCLE_S=1)
ERROR: Unable to configure handler 'log_file'
| INFO   2022-03-01 13:18:47,382| MissionHandler| Run executed
| INFO   2022-03-01 13:18:47,383| MissionHandler| AAAA
| INFO   2022-03-01 13:18:47,383| MissionHandler| Starting mission handler
| INFO   2022-03-01 13:18:47,384| MissionHandler| Creating control primitives
| INFO   2022-03-01 13:18:47,384| MissionHandler| Creating each drone mission
| INFO   2022-03-01 13:18:47,387| MissionHandler| Logger initialized
| INFO   2022-03-01 13:18:47,387| MissionHandler| Starting missions: 
| INFO   2022-03-01 13:18:47,387| Drone0     | Run executed
| INFO   2022-03-01 13:18:47,388| Drone0     | START initialize
| INFO   2022-03-01 13:18:47,388| Drone0     | Init AirSim client
| INFO   2022-03-01 13:18:47,401| Drone0     | START mission 2
| INFO   2022-03-01 13:18:47,401| Drone0     | Drone1 connecting to port 14541...
| DEBUG  2022-03-01 13:18:47,407| Drone0     | Waiting for mavsdk_server to be ready...
| DEBUG  2022-03-01 13:18:47,407| Thread-3   | [34m[01:18:47|Info ] [0mMAVSDK version: v0.50.0 (mavsdk_impl.cpp:28)
| DEBUG  2022-03-01 13:18:47,410| Drone0     | Connected to mavsdk_server!
| INFO   2022-03-01 13:18:47,411| Drone0     | -- Arming 1
| INFO   2022-03-01 13:18:47,432| Drone0     | -- Setting initial setpoint 1
| INFO   2022-03-01 13:18:47,434| Drone0     | -- Starting offboard 1
| INFO   2022-03-01 13:18:47,441| Drone0     | -- Setting second setpoint 1
| INFO   2022-03-01 13:18:52,443| Drone0     | END initialize
| INFO   2022-03-01 13:18:52,444| Drone0     | START mission
| INFO   2022-03-01 13:22:40,915| MissionHandler| Run executed
| INFO   2022-03-01 13:22:40,916| MissionHandler| AAAA
| INFO   2022-03-01 13:22:40,917| MissionHandler| Starting mission handler
| INFO   2022-03-01 13:22:40,917| MissionHandler| Creating control primitives
| INFO   2022-03-01 13:22:40,918| MissionHandler| Creating each drone mission
| INFO   2022-03-01 13:22:40,920| MissionHandler| Logger initialized
| INFO   2022-03-01 13:22:40,921| MissionHandler| Starting missions: 
| INFO   2022-03-01 13:22:40,921| Drone0     | Run executed
| INFO   2022-03-01 13:22:40,921| Drone0     | START initialize
| INFO   2022-03-01 13:22:40,922| Drone0     | Init AirSim client
| INFO   2022-03-01 13:22:40,925| Drone0     | START mission 2
| INFO   2022-03-01 13:22:40,926| Drone0     | Drone1 connecting to port 14551...
| DEBUG  2022-03-01 13:22:40,933| Drone0     | Waiting for mavsdk_server to be ready...
| DEBUG  2022-03-01 13:22:40,933| Thread-3   | [34m[01:22:40|Info ] [0mMAVSDK version: v0.50.0 (mavsdk_impl.cpp:28)
| DEBUG  2022-03-01 13:22:40,941| Drone0     | Connected to mavsdk_server!
| INFO   2022-03-01 13:22:40,943| Drone0     | -- Arming 1
| INFO   2022-03-01 13:22:40,959| Drone0     | -- Setting initial setpoint 1
| INFO   2022-03-01 13:22:40,961| Drone0     | -- Starting offboard 1
| INFO   2022-03-01 13:22:40,971| Drone0     | -- Setting second setpoint 1
| INFO   2022-03-01 13:22:45,978| Drone0     | END initialize
| INFO   2022-03-01 13:22:45,979| Drone0     | START mission
| INFO   2022-03-01 13:28:05,187| MissionHandler| Run executed
| INFO   2022-03-01 13:28:05,188| MissionHandler| AAAA
| INFO   2022-03-01 13:28:05,188| MissionHandler| Starting mission handler
| INFO   2022-03-01 13:28:05,189| MissionHandler| Creating control primitives
| INFO   2022-03-01 13:28:05,190| MissionHandler| Creating each drone mission
| INFO   2022-03-01 13:28:05,193| MissionHandler| Logger initialized
| INFO   2022-03-01 13:28:05,193| MissionHandler| Starting missions: 
| INFO   2022-03-01 13:28:05,194| Drone0     | Run executed
| INFO   2022-03-01 13:28:05,195| Drone0     | START initialize
| INFO   2022-03-01 13:28:05,195| Drone0     | Init AirSim client
| INFO   2022-03-01 13:28:05,199| Drone0     | START mission 2
| INFO   2022-03-01 13:28:05,200| Drone0     | Drone1 connecting to port 14551...
| DEBUG  2022-03-01 13:28:05,206| Drone0     | Waiting for mavsdk_server to be ready...
| DEBUG  2022-03-01 13:28:05,206| Thread-3   | [34m[01:28:05|Info ] [0mMAVSDK version: v0.50.0 (mavsdk_impl.cpp:28)
| DEBUG  2022-03-01 13:28:05,209| Drone0     | Connected to mavsdk_server!
| INFO   2022-03-01 13:28:05,211| Drone0     | -- Arming 1
| INFO   2022-03-01 13:28:05,229| Drone0     | -- Setting initial setpoint 1
| INFO   2022-03-01 13:28:05,230| Drone0     | -- Starting offboard 1
| INFO   2022-03-01 13:28:05,241| Drone0     | -- Setting second setpoint 1
| INFO   2022-03-01 13:28:10,247| Drone0     | END initialize
| INFO   2022-03-01 13:28:10,248| Drone0     | START mission
| INFO   2022-03-01 13:31:28,691| MissionHandler| Run executed
| INFO   2022-03-01 13:31:28,692| MissionHandler| AAAA
| INFO   2022-03-01 13:31:28,693| MissionHandler| Starting mission handler
| INFO   2022-03-01 13:31:28,693| MissionHandler| Creating control primitives
| INFO   2022-03-01 13:31:28,694| MissionHandler| Creating each drone mission
| INFO   2022-03-01 13:31:28,696| MissionHandler| Logger initialized
| INFO   2022-03-01 13:31:28,697| MissionHandler| Starting missions: 
| INFO   2022-03-01 13:31:28,698| Drone0     | Run executed
| INFO   2022-03-01 13:31:28,698| Drone0     | START initialize
| INFO   2022-03-01 13:31:28,699| Drone0     | Init AirSim client
| INFO   2022-03-01 13:31:28,701| Drone0     | START mission 2
| INFO   2022-03-01 13:31:28,701| Drone0     | Drone1 connecting to port 14551...
| DEBUG  2022-03-01 13:31:28,707| Drone0     | Waiting for mavsdk_server to be ready...
| DEBUG  2022-03-01 13:31:28,707| Thread-3   | [34m[01:31:28|Info ] [0mMAVSDK version: v0.50.0 (mavsdk_impl.cpp:28)
| DEBUG  2022-03-01 13:31:28,710| Drone0     | Connected to mavsdk_server!
| INFO   2022-03-01 13:31:28,712| Drone0     | -- Arming 1
| INFO   2022-03-01 13:31:28,732| Drone0     | -- Setting initial setpoint 1
| INFO   2022-03-01 13:31:28,734| Drone0     | -- Starting offboard 1
| INFO   2022-03-01 13:31:28,753| Drone0     | -- Setting second setpoint 1
| INFO   2022-03-01 13:31:33,760| Drone0     | END initialize
| INFO   2022-03-01 13:31:33,761| Drone0     | START mission
| INFO   2022-03-01 13:39:08,802| MissionHandler| Run executed
| INFO   2022-03-01 13:39:08,803| MissionHandler| AAAA
| INFO   2022-03-01 13:39:08,804| MissionHandler| Starting mission handler
| INFO   2022-03-01 13:39:08,804| MissionHandler| Creating control primitives
| INFO   2022-03-01 13:39:08,805| MissionHandler| Creating each drone mission
| INFO   2022-03-01 13:39:08,807| MissionHandler| Logger initialized
| INFO   2022-03-01 13:39:08,807| MissionHandler| Starting missions: 
| INFO   2022-03-01 13:39:08,808| Drone0     | Run executed
| INFO   2022-03-01 13:39:08,809| Drone0     | START initialize
| INFO   2022-03-01 13:39:08,810| Drone0     | Init AirSim client
| INFO   2022-03-01 13:39:08,812| Drone0     | START mission 2
| INFO   2022-03-01 13:39:08,813| Drone0     | Drone1 connecting to port 14551...
| DEBUG  2022-03-01 13:39:08,818| Drone0     | Waiting for mavsdk_server to be ready...
| DEBUG  2022-03-01 13:39:08,818| Thread-3   | [34m[01:39:08|Info ] [0mMAVSDK version: v0.50.0 (mavsdk_impl.cpp:28)
| DEBUG  2022-03-01 13:39:08,820| Drone0     | Connected to mavsdk_server!
| INFO   2022-03-01 13:39:08,822| Drone0     | -- Arming 1
| INFO   2022-03-01 13:39:08,838| Drone0     | -- Setting initial setpoint 1
| INFO   2022-03-01 13:39:08,839| Drone0     | -- Starting offboard 1
| INFO   2022-03-01 13:39:08,847| Drone0     | -- Setting second setpoint 1
| INFO   2022-03-01 13:39:13,848| Drone0     | END initialize
| INFO   2022-03-01 13:39:13,849| Drone0     | START mission
| INFO   2022-03-01 13:40:34,851| MissionHandler| Run executed
| INFO   2022-03-01 13:40:34,852| MissionHandler| AAAA
| INFO   2022-03-01 13:40:34,853| MissionHandler| Starting mission handler
| INFO   2022-03-01 13:40:34,853| MissionHandler| Creating control primitives
| INFO   2022-03-01 13:40:34,853| MissionHandler| Creating each drone mission
| INFO   2022-03-01 13:40:34,856| MissionHandler| Logger initialized
| INFO   2022-03-01 13:40:34,856| MissionHandler| Starting missions: 
| INFO   2022-03-01 13:40:34,857| Drone0     | Run executed
| INFO   2022-03-01 13:40:34,858| Drone0     | START initialize
| INFO   2022-03-01 13:40:34,858| Drone0     | Init AirSim client
| INFO   2022-03-01 13:40:34,862| Drone0     | START mission 2
| INFO   2022-03-01 13:40:34,862| Drone0     | Drone1 connecting to port 14551...
| DEBUG  2022-03-01 13:40:34,867| Drone0     | Waiting for mavsdk_server to be ready...
| DEBUG  2022-03-01 13:40:34,867| Thread-3   | [34m[01:40:34|Info ] [0mMAVSDK version: v0.50.0 (mavsdk_impl.cpp:28)
| DEBUG  2022-03-01 13:40:34,870| Drone0     | Connected to mavsdk_server!
| INFO   2022-03-01 13:40:34,873| Drone0     | -- Arming 1
| INFO   2022-03-01 13:40:34,883| Drone0     | -- Setting initial setpoint 1
| INFO   2022-03-01 13:40:34,884| Drone0     | -- Starting offboard 1
| INFO   2022-03-01 13:40:34,895| Drone0     | -- Setting second setpoint 1
| INFO   2022-03-01 13:40:39,901| Drone0     | END initialize
| INFO   2022-03-01 13:40:39,902| Drone0     | START mission
| INFO   2022-03-01 13:41:42,991| MissionHandler| Run executed
| INFO   2022-03-01 13:41:42,992| MissionHandler| AAAA
| INFO   2022-03-01 13:41:42,993| MissionHandler| Starting mission handler
| INFO   2022-03-01 13:41:42,993| MissionHandler| Creating control primitives
| INFO   2022-03-01 13:41:42,993| MissionHandler| Creating each drone mission
| INFO   2022-03-01 13:41:42,996| MissionHandler| Logger initialized
| INFO   2022-03-01 13:41:42,996| MissionHandler| Starting missions: 
| INFO   2022-03-01 13:41:42,997| Drone0     | Run executed
| INFO   2022-03-01 13:41:42,997| Drone0     | START initialize
| INFO   2022-03-01 13:41:42,998| Drone0     | Init AirSim client
| INFO   2022-03-01 13:41:43,001| Drone0     | START mission 2
| INFO   2022-03-01 13:41:43,001| Drone0     | Drone1 connecting to port 14551...
| DEBUG  2022-03-01 13:41:43,007| Drone0     | Waiting for mavsdk_server to be ready...
| DEBUG  2022-03-01 13:41:43,007| Thread-3   | [34m[01:41:43|Info ] [0mMAVSDK version: v0.50.0 (mavsdk_impl.cpp:28)
| DEBUG  2022-03-01 13:41:43,009| Drone0     | Connected to mavsdk_server!
| INFO   2022-03-01 13:41:43,011| Drone0     | -- Arming 1
| INFO   2022-03-01 13:41:43,026| Drone0     | -- Setting initial setpoint 1
| INFO   2022-03-01 13:41:43,027| Drone0     | -- Starting offboard 1
| INFO   2022-03-01 13:41:43,038| Drone0     | -- Setting second setpoint 1
| INFO   2022-03-01 13:41:48,045| Drone0     | END initialize
| INFO   2022-03-01 13:41:48,045| Drone0     | START mission
| INFO   2022-03-01 13:43:18,647| MissionHandler| Run executed
| INFO   2022-03-01 13:43:18,648| MissionHandler| AAAA
| INFO   2022-03-01 13:43:18,649| MissionHandler| Starting mission handler
| INFO   2022-03-01 13:43:18,649| MissionHandler| Creating control primitives
| INFO   2022-03-01 13:43:18,649| MissionHandler| Creating each drone mission
| INFO   2022-03-01 13:43:18,652| MissionHandler| Logger initialized
| INFO   2022-03-01 13:43:18,652| MissionHandler| Starting missions: 
| INFO   2022-03-01 13:43:18,653| Drone0     | Run executed
| INFO   2022-03-01 13:43:18,654| Drone0     | START initialize
| INFO   2022-03-01 13:43:18,655| Drone0     | Init AirSim client
| INFO   2022-03-01 13:43:18,660| Drone0     | START mission 2
| INFO   2022-03-01 13:43:18,661| Drone0     | Drone1 connecting to port 14551...
| DEBUG  2022-03-01 13:43:18,668| Drone0     | Waiting for mavsdk_server to be ready...
| DEBUG  2022-03-01 13:43:18,668| Thread-3   | [34m[01:43:18|Info ] [0mMAVSDK version: v0.50.0 (mavsdk_impl.cpp:28)
| DEBUG  2022-03-01 13:43:18,670| Drone0     | Connected to mavsdk_server!
| INFO   2022-03-01 13:43:18,672| Drone0     | -- Arming 1
| INFO   2022-03-01 13:43:18,691| Drone0     | -- Setting initial setpoint 1
| INFO   2022-03-01 13:43:18,693| Drone0     | -- Starting offboard 1
| INFO   2022-03-01 13:43:18,709| Drone0     | -- Setting second setpoint 1
| INFO   2022-03-01 13:43:23,716| Drone0     | END initialize
| INFO   2022-03-01 13:43:23,717| Drone0     | START mission
| INFO   2022-03-01 13:45:06,200| MissionHandler| Run executed
| INFO   2022-03-01 13:45:06,201| MissionHandler| AAAA
| INFO   2022-03-01 13:45:06,202| MissionHandler| Starting mission handler
| INFO   2022-03-01 13:45:06,203| MissionHandler| Creating control primitives
| INFO   2022-03-01 13:45:06,203| MissionHandler| Creating each drone mission
| INFO   2022-03-01 13:45:06,206| MissionHandler| Logger initialized
| INFO   2022-03-01 13:45:06,206| MissionHandler| Starting missions: 
| INFO   2022-03-01 13:45:06,207| Drone0     | Run executed
| INFO   2022-03-01 13:45:06,208| Drone0     | START initialize
| INFO   2022-03-01 13:45:06,209| Drone0     | Init AirSim client
| INFO   2022-03-01 13:45:06,214| Drone0     | START mission 2
| INFO   2022-03-01 13:45:06,215| Drone0     | Drone1 connecting to port 14551...
| DEBUG  2022-03-01 13:45:06,222| Drone0     | Waiting for mavsdk_server to be ready...
| DEBUG  2022-03-01 13:45:06,222| Thread-3   | [34m[01:45:06|Info ] [0mMAVSDK version: v0.50.0 (mavsdk_impl.cpp:28)
| DEBUG  2022-03-01 13:45:06,225| Drone0     | Connected to mavsdk_server!
| INFO   2022-03-01 13:45:06,227| Drone0     | -- Arming 1
| INFO   2022-03-01 13:45:06,244| Drone0     | -- Setting initial setpoint 1
| INFO   2022-03-01 13:45:06,245| Drone0     | -- Starting offboard 1
| INFO   2022-03-01 13:45:06,265| Drone0     | -- Setting second setpoint 1
| INFO   2022-03-01 13:45:11,271| Drone0     | END initialize
| INFO   2022-03-01 13:45:11,272| Drone0     | START mission
| INFO   2022-03-01 13:47:45,213| MissionHandler| Run executed
| INFO   2022-03-01 13:47:45,214| MissionHandler| AAAA
| INFO   2022-03-01 13:47:45,214| MissionHandler| Starting mission handler
| INFO   2022-03-01 13:47:45,215| MissionHandler| Creating control primitives
| INFO   2022-03-01 13:47:45,216| MissionHandler| Creating each drone mission
| INFO   2022-03-01 13:47:45,219| MissionHandler| Logger initialized
| INFO   2022-03-01 13:47:45,220| MissionHandler| Starting missions: 
| INFO   2022-03-01 13:47:45,221| Drone0     | Run executed
| INFO   2022-03-01 13:47:45,222| Drone0     | START initialize
| INFO   2022-03-01 13:47:45,222| Drone0     | Init AirSim client
| INFO   2022-03-01 13:47:45,226| Drone0     | START mission 2
| INFO   2022-03-01 13:47:45,226| Drone0     | Drone1 connecting to port 14551...
| DEBUG  2022-03-01 13:47:45,235| Drone0     | Waiting for mavsdk_server to be ready...
| DEBUG  2022-03-01 13:47:45,236| Thread-3   | [34m[01:47:45|Info ] [0mMAVSDK version: v0.50.0 (mavsdk_impl.cpp:28)
| DEBUG  2022-03-01 13:47:45,239| Drone0     | Connected to mavsdk_server!
| INFO   2022-03-01 13:47:45,242| Drone0     | -- Arming 1
| INFO   2022-03-01 13:47:45,261| Drone0     | -- Setting initial setpoint 1
| INFO   2022-03-01 13:47:45,263| Drone0     | -- Starting offboard 1
| INFO   2022-03-01 13:47:45,282| Drone0     | -- Setting second setpoint 1
| INFO   2022-03-01 13:47:50,288| Drone0     | END initialize
| INFO   2022-03-01 13:47:50,289| Drone0     | START mission
| INFO   2022-03-01 13:55:27,732| MissionHandler| Run executed
| INFO   2022-03-01 13:55:27,733| MissionHandler| AAAA
| INFO   2022-03-01 13:55:27,734| MissionHandler| Starting mission handler
| INFO   2022-03-01 13:55:27,734| MissionHandler| Creating control primitives
| INFO   2022-03-01 13:55:27,735| MissionHandler| Creating each drone mission
| INFO   2022-03-01 13:55:27,738| MissionHandler| Logger initialized
| INFO   2022-03-01 13:55:27,738| MissionHandler| Starting missions: 
| INFO   2022-03-01 13:55:27,739| Drone0     | Run executed
| INFO   2022-03-01 13:55:27,740| Drone0     | START initialize
| INFO   2022-03-01 13:55:27,741| Drone0     | Init AirSim client
| INFO   2022-03-01 13:55:27,745| Drone0     | START mission 2
| INFO   2022-03-01 13:55:27,745| Drone0     | Drone1 connecting to port 14551...
| DEBUG  2022-03-01 13:55:27,752| Drone0     | Waiting for mavsdk_server to be ready...
| DEBUG  2022-03-01 13:55:27,752| Thread-3   | [34m[01:55:27|Info ] [0mMAVSDK version: v0.50.0 (mavsdk_impl.cpp:28)
| DEBUG  2022-03-01 13:55:27,755| Drone0     | Connected to mavsdk_server!
| INFO   2022-03-01 13:55:27,758| Drone0     | -- Arming 1
| INFO   2022-03-01 13:55:27,776| Drone0     | -- Setting initial setpoint 1
| INFO   2022-03-01 13:55:27,777| Drone0     | -- Starting offboard 1
| INFO   2022-03-01 13:55:27,797| Drone0     | -- Setting second setpoint 1
| INFO   2022-03-01 13:55:32,803| Drone0     | END initialize
| INFO   2022-03-01 13:55:32,804| Drone0     | START mission
| INFO   2022-03-01 20:39:57,050| MissionHandler| Run executed
| INFO   2022-03-01 20:39:57,052| MissionHandler| AAAA
| INFO   2022-03-01 20:39:57,052| MissionHandler| Starting mission handler
| INFO   2022-03-01 20:39:57,053| MissionHandler| Creating control primitives
| INFO   2022-03-01 20:39:57,053| MissionHandler| Creating each drone mission
| INFO   2022-03-01 20:39:57,057| MissionHandler| Logger initialized
| INFO   2022-03-01 20:39:57,058| MissionHandler| Starting missions: 
| INFO   2022-03-01 20:39:57,058| Drone0     | Run executed
| INFO   2022-03-01 20:39:57,059| Drone0     | START initialize
| INFO   2022-03-01 20:39:57,060| Drone0     | Init AirSim client
| INFO   2022-03-01 20:39:57,065| Drone0     | START mission 2
| INFO   2022-03-01 20:39:57,066| Drone0     | Drone1 connecting to port 14551...
| DEBUG  2022-03-01 20:39:57,071| Thread-3   | [34m[08:39:57|Info ] [0mMAVSDK version: v0.50.0 (mavsdk_impl.cpp:28)
| DEBUG  2022-03-01 20:39:57,090| Drone0     | Waiting for mavsdk_server to be ready...
| DEBUG  2022-03-01 20:39:57,096| Drone0     | Connected to mavsdk_server!
| INFO   2022-03-01 20:39:57,098| Drone0     | -- Arming 1
| INFO   2022-03-01 20:39:57,119| Drone0     | -- Setting initial setpoint 1
| INFO   2022-03-01 20:39:57,121| Drone0     | -- Starting offboard 1
| INFO   2022-03-01 20:39:57,137| Drone0     | -- Setting second setpoint 1
| INFO   2022-03-01 20:40:02,143| Drone0     | END initialize
| INFO   2022-03-01 20:40:02,144| Drone0     | START mission
| INFO   2022-03-01 21:11:56,265| MissionHandler| Run executed
| INFO   2022-03-01 21:11:56,266| MissionHandler| AAAA
| INFO   2022-03-01 21:11:56,266| MissionHandler| Starting mission handler
| INFO   2022-03-01 21:11:56,267| MissionHandler| Creating control primitives
| INFO   2022-03-01 21:11:56,267| MissionHandler| Creating each drone mission
| INFO   2022-03-01 21:11:56,271| MissionHandler| Logger initialized
| INFO   2022-03-01 21:11:56,272| MissionHandler| Starting missions: 
| INFO   2022-03-01 21:11:56,272| Drone0     | Run executed
| INFO   2022-03-01 21:11:56,273| Drone0     | START initialize
| INFO   2022-03-01 21:11:56,274| Drone0     | Init AirSim client
| INFO   2022-03-01 21:11:56,279| Drone0     | START mission 2
| INFO   2022-03-01 21:11:56,279| Drone0     | Drone1 connecting to port 14551...
| DEBUG  2022-03-01 21:11:56,286| Drone0     | Waiting for mavsdk_server to be ready...
| DEBUG  2022-03-01 21:11:56,287| Thread-3   | [34m[09:11:56|Info ] [0mMAVSDK version: v0.50.0 (mavsdk_impl.cpp:28)
| DEBUG  2022-03-01 21:11:56,289| Drone0     | Connected to mavsdk_server!
| INFO   2022-03-01 21:11:56,292| Drone0     | -- Arming 1
| INFO   2022-03-01 21:11:56,313| Drone0     | -- Setting initial setpoint 1
| INFO   2022-03-01 21:11:56,314| Drone0     | -- Starting offboard 1
| INFO   2022-03-01 21:11:56,322| Drone0     | -- Setting second setpoint 1
| INFO   2022-03-01 21:12:01,328| Drone0     | END initialize
| INFO   2022-03-01 21:12:01,329| Drone0     | START mission
| INFO   2022-03-01 21:23:05,792| MissionHandler| Run executed
| INFO   2022-03-01 21:23:05,793| MissionHandler| AAAA
| INFO   2022-03-01 21:23:05,793| MissionHandler| Starting mission handler
| INFO   2022-03-01 21:23:05,793| MissionHandler| Creating control primitives
| INFO   2022-03-01 21:23:05,794| MissionHandler| Creating each drone mission
| INFO   2022-03-01 21:23:05,796| MissionHandler| Logger initialized
| INFO   2022-03-01 21:23:05,796| MissionHandler| Starting missions: 
| INFO   2022-03-01 21:23:05,797| Drone0     | Run executed
| INFO   2022-03-01 21:23:05,797| Drone0     | START initialize
| INFO   2022-03-01 21:23:05,798| Drone0     | Init AirSim client
| INFO   2022-03-01 21:23:05,801| Drone0     | START mission 2
| INFO   2022-03-01 21:23:05,801| Drone0     | Drone1 connecting to port 14551...
| DEBUG  2022-03-01 21:23:05,807| Drone0     | Waiting for mavsdk_server to be ready...
| DEBUG  2022-03-01 21:23:05,807| Thread-3   | [34m[09:23:05|Info ] [0mMAVSDK version: v0.50.0 (mavsdk_impl.cpp:28)
| DEBUG  2022-03-01 21:23:05,809| Drone0     | Connected to mavsdk_server!
| INFO   2022-03-01 21:23:05,811| Drone0     | -- Arming 1
| INFO   2022-03-01 21:23:05,835| Drone0     | -- Setting initial setpoint 1
| INFO   2022-03-01 21:23:05,836| Drone0     | -- Starting offboard 1
| INFO   2022-03-01 21:23:05,847| Drone0     | -- Setting second setpoint 1
| INFO   2022-03-01 21:23:10,853| Drone0     | END initialize
| INFO   2022-03-01 21:23:10,854| Drone0     | START mission
| INFO   2022-03-02 20:14:35,146| MissionHandler| Run executed
| INFO   2022-03-02 20:14:35,147| MissionHandler| AAAA
| INFO   2022-03-02 20:14:35,148| MissionHandler| Starting mission handler
| INFO   2022-03-02 20:14:35,148| MissionHandler| Creating control primitives
| INFO   2022-03-02 20:14:35,149| MissionHandler| Creating each drone mission
| INFO   2022-03-02 20:14:35,151| MissionHandler| Logger initialized
| INFO   2022-03-02 20:14:35,151| MissionHandler| Starting missions: 
| INFO   2022-03-02 20:14:35,152| Drone0     | Run executed
| INFO   2022-03-02 20:14:35,152| Drone0     | START initialize
| INFO   2022-03-02 20:14:35,152| Drone0     | Init AirSim client
| INFO   2022-03-02 20:14:35,157| Drone0     | START mission 2
| INFO   2022-03-02 20:14:35,158| Drone0     | Drone1 connecting to port 14551...
| DEBUG  2022-03-02 20:14:35,163| Thread-3   | [34m[08:14:35|Info ] [0mMAVSDK version: v0.50.0 (mavsdk_impl.cpp:28)
| DEBUG  2022-03-02 20:14:35,181| Drone0     | Waiting for mavsdk_server to be ready...
| DEBUG  2022-03-02 20:14:35,186| Drone0     | Connected to mavsdk_server!
| INFO   2022-03-02 20:14:35,188| Drone0     | -- Arming 1
| INFO   2022-03-02 20:14:35,208| Drone0     | -- Setting initial setpoint 1
| INFO   2022-03-02 20:14:35,210| Drone0     | -- Starting offboard 1
| INFO   2022-03-02 20:14:35,232| Drone0     | -- Setting second setpoint 1
| INFO   2022-03-02 20:14:40,238| Drone0     | END initialize
| INFO   2022-03-02 20:14:40,238| Drone0     | START mission
| INFO   2022-03-02 20:44:15,717| MissionHandler| Run executed
| INFO   2022-03-02 20:44:15,718| MissionHandler| AAAA
| INFO   2022-03-02 20:44:15,718| MissionHandler| Starting mission handler
| INFO   2022-03-02 20:44:15,719| MissionHandler| Creating control primitives
| INFO   2022-03-02 20:44:15,719| MissionHandler| Creating each drone mission
| INFO   2022-03-02 20:44:15,722| MissionHandler| Logger initialized
| INFO   2022-03-02 20:44:15,722| MissionHandler| Starting missions: 
| INFO   2022-03-02 20:44:15,722| Drone0     | Run executed
| INFO   2022-03-02 20:44:15,723| Drone0     | START initialize
| INFO   2022-03-02 20:44:15,724| Drone0     | Init AirSim client
| INFO   2022-03-02 20:44:15,727| Drone0     | START mission 2
| INFO   2022-03-02 20:44:15,727| Drone0     | Drone1 connecting to port 14551...
| DEBUG  2022-03-02 20:44:15,732| Drone0     | Waiting for mavsdk_server to be ready...
| DEBUG  2022-03-02 20:44:15,732| Thread-3   | [34m[08:44:15|Info ] [0mMAVSDK version: v0.50.0 (mavsdk_impl.cpp:28)
| DEBUG  2022-03-02 20:44:15,735| Drone0     | Connected to mavsdk_server!
| INFO   2022-03-02 20:44:15,736| Drone0     | -- Arming 1
| INFO   2022-03-02 20:44:15,755| Drone0     | -- Setting initial setpoint 1
| INFO   2022-03-02 20:44:15,756| Drone0     | -- Starting offboard 1
| INFO   2022-03-02 20:44:15,764| Drone0     | -- Setting second setpoint 1
| INFO   2022-03-02 20:44:20,770| Drone0     | END initialize
| INFO   2022-03-02 20:44:20,771| Drone0     | START mission
| INFO   2022-03-02 21:10:23,945| MissionHandler| Run executed
| INFO   2022-03-02 21:10:23,946| MissionHandler| AAAA
| INFO   2022-03-02 21:10:23,947| MissionHandler| Starting mission handler
| INFO   2022-03-02 21:10:23,947| MissionHandler| Creating control primitives
| INFO   2022-03-02 21:10:23,947| MissionHandler| Creating each drone mission
| INFO   2022-03-02 21:10:23,950| MissionHandler| Logger initialized
| INFO   2022-03-02 21:10:23,950| MissionHandler| Starting missions: 
| INFO   2022-03-02 21:10:23,951| Drone0     | Run executed
| INFO   2022-03-02 21:10:23,952| Drone0     | START initialize
| INFO   2022-03-02 21:10:23,953| Drone0     | Init AirSim client
| INFO   2022-03-02 21:10:23,958| Drone0     | START mission 2
| INFO   2022-03-02 21:10:23,958| Drone0     | Drone1 connecting to port 14551...
| DEBUG  2022-03-02 21:10:23,966| Drone0     | Waiting for mavsdk_server to be ready...
| DEBUG  2022-03-02 21:10:23,966| Thread-3   | [34m[09:10:23|Info ] [0mMAVSDK version: v0.50.0 (mavsdk_impl.cpp:28)
| DEBUG  2022-03-02 21:10:23,969| Drone0     | Connected to mavsdk_server!
| INFO   2022-03-02 21:10:23,971| Drone0     | -- Arming 1
| INFO   2022-03-02 21:10:23,996| Drone0     | -- Setting initial setpoint 1
| INFO   2022-03-02 21:10:23,998| Drone0     | -- Starting offboard 1
| INFO   2022-03-02 21:10:24,008| Drone0     | -- Setting second setpoint 1
| INFO   2022-03-02 21:10:29,014| Drone0     | END initialize
| INFO   2022-03-02 21:10:29,015| Drone0     | START mission
| INFO   2022-03-02 21:13:21,259| MissionHandler| Run executed
| INFO   2022-03-02 21:13:21,260| MissionHandler| AAAA
| INFO   2022-03-02 21:13:21,260| MissionHandler| Starting mission handler
| INFO   2022-03-02 21:13:21,261| MissionHandler| Creating control primitives
| INFO   2022-03-02 21:13:21,261| MissionHandler| Creating each drone mission
| INFO   2022-03-02 21:13:21,264| MissionHandler| Logger initialized
| INFO   2022-03-02 21:13:21,264| MissionHandler| Starting missions: 
| INFO   2022-03-02 21:13:21,264| Drone0     | Run executed
| INFO   2022-03-02 21:13:21,265| Drone0     | START initialize
| INFO   2022-03-02 21:13:21,267| Drone0     | Init AirSim client
| INFO   2022-03-02 21:13:21,270| Drone0     | START mission 2
| INFO   2022-03-02 21:13:21,271| Drone0     | Drone1 connecting to port 14551...
| DEBUG  2022-03-02 21:13:21,276| Drone0     | Waiting for mavsdk_server to be ready...
| DEBUG  2022-03-02 21:13:21,276| Thread-3   | [34m[09:13:21|Info ] [0mMAVSDK version: v0.50.0 (mavsdk_impl.cpp:28)
| DEBUG  2022-03-02 21:13:21,279| Drone0     | Connected to mavsdk_server!
| INFO   2022-03-02 21:13:21,280| Drone0     | -- Arming 1
| INFO   2022-03-02 21:13:21,303| Drone0     | -- Setting initial setpoint 1
| INFO   2022-03-02 21:13:21,304| Drone0     | -- Starting offboard 1
| INFO   2022-03-02 21:13:21,315| Drone0     | -- Setting second setpoint 1
| INFO   2022-03-02 21:13:26,322| Drone0     | END initialize
| INFO   2022-03-02 21:13:26,323| Drone0     | START mission
| INFO   2022-03-02 21:16:58,653| MissionHandler| Run executed
| INFO   2022-03-02 21:16:58,655| MissionHandler| AAAA
| INFO   2022-03-02 21:16:58,655| MissionHandler| Starting mission handler
| INFO   2022-03-02 21:16:58,655| MissionHandler| Creating control primitives
| INFO   2022-03-02 21:16:58,656| MissionHandler| Creating each drone mission
| INFO   2022-03-02 21:16:58,658| MissionHandler| Logger initialized
| INFO   2022-03-02 21:16:58,659| MissionHandler| Starting missions: 
| INFO   2022-03-02 21:16:58,659| Drone0     | Run executed
| INFO   2022-03-02 21:16:58,660| Drone0     | START initialize
| INFO   2022-03-02 21:16:58,660| Drone0     | Init AirSim client
| INFO   2022-03-02 21:16:58,663| Drone0     | START mission 2
| INFO   2022-03-02 21:16:58,663| Drone0     | Drone1 connecting to port 14551...
| DEBUG  2022-03-02 21:16:58,668| Drone0     | Waiting for mavsdk_server to be ready...
| DEBUG  2022-03-02 21:16:58,669| Thread-3   | [34m[09:16:58|Info ] [0mMAVSDK version: v0.50.0 (mavsdk_impl.cpp:28)
| DEBUG  2022-03-02 21:16:58,671| Drone0     | Connected to mavsdk_server!
| INFO   2022-03-02 21:16:58,673| Drone0     | -- Arming 1
| INFO   2022-03-02 21:16:58,679| Drone0     | -- Setting initial setpoint 1
| INFO   2022-03-02 21:16:58,680| Drone0     | -- Starting offboard 1
| INFO   2022-03-02 21:16:58,691| Drone0     | -- Setting second setpoint 1
| INFO   2022-03-02 21:17:03,698| Drone0     | END initialize
| INFO   2022-03-02 21:17:03,698| Drone0     | START mission
