Argument: 1
Initializing 1 PX4s
*******************************************************************************
killing running instances
*******************************************************************************
Modify Mavlink default UDP port to 14551
--------------------------------------------
START wsl2ModifyUDPport.py
Received: 14551
MODIFIED: # define DEFAULT_REMOTE_PORT_UDP
Saved file /home/jorge/PX4-Autopilot/src/modules/mavlink/mavlink_main.h
END wsl2ModifyUDPport.py
--------------------------------------------
Recompile PX4 (with modified Mavlink)
[1/13] Building CXX object src/modules/mavlink/CMakeFiles/modules__mavlink.dir/mavlink_log_handler.cpp.o
[2/13] Building CXX object src/modules/mavlink/CMakeFiles/modules__mavlink.dir/mavlink_parameters.cpp.o
[3/13] Building CXX object src/modules/mavlink/CMakeFiles/modules__mavlink.dir/mavlink_ftp.cpp.o
[4/13] Building CXX object src/modules/mavlink/CMakeFiles/modules__mavlink.dir/mavlink_main.cpp.o
[5/13] Building CXX object src/modules/mavlink/CMakeFiles/modules__mavlink.dir/mavlink_messages.cpp.o
[6/13] Building CXX object src/modules/mavlink/CMakeFiles/modules__mavlink.dir/mavlink_mission.cpp.o
[7/13] Building CXX object src/modules/mavlink/CMakeFiles/modules__mavlink.dir/mavlink_receiver.cpp.o
[8/13] Building CXX object src/modules/mavlink/CMakeFiles/modules__mavlink.dir/mavlink_stream.cpp.o
[9/13] Building CXX object src/modules/mavlink/CMakeFiles/modules__mavlink.dir/mavlink_timesync.cpp.o
[10/13] Building CXX object src/modules/mavlink/mavlink_tests/CMakeFiles/modules__mavlink__mavlink_tests.dir/__/mavlink_stream.cpp.o
[11/13] Linking CXX static library src/modules/mavlink/mavlink_tests/libmodules__mavlink__mavlink_tests.a
[12/13] Linking CXX static library src/modules/mavlink/libmodules__mavlink.a
[13/13] Linking CXX executable bin/px4
Run PX4 number 1
Run mavsdk_server instance
/home/jorge/PX4-Autopilot/build/px4_sitl_default/instance_1/mavsdk_server.log
All running!
